<?xml version="1.0" encoding="UTF-8"?>
<!-- Generated by org.testng.reporters.JUnitReportReporter -->
<testsuite hostname="DESKTOP-NPTJ03E" name="com.crm.qa.tests.HomePageTest" tests="1" failures="0" timestamp="23 Jun 2020 20:55:57 GMT" time="10.906" errors="0">
  <testcase name="HomePageTitleTest" time="10.906" classname="com.crm.qa.tests.HomePageTest"/>
</testsuite> <!-- com.crm.qa.tests.HomePageTest -->
