<?xml version="1.0" encoding="UTF-8"?>
<!-- Generated by org.testng.reporters.JUnitReportReporter -->
<testsuite hostname="DESKTOP-NPTJ03E" name="com.crm.qa.tests.HomePageTest" tests="1" failures="0" timestamp="20 Jun 2020 20:39:27 GMT" time="10.783" errors="0">
  <testcase name="HomePageTitleTest" time="10.783" classname="com.crm.qa.tests.HomePageTest"/>
</testsuite> <!-- com.crm.qa.tests.HomePageTest -->
