<?xml version="1.0" encoding="UTF-8"?>
<!-- Generated by org.testng.reporters.JUnitReportReporter -->
<testsuite hostname="DESKTOP-NPTJ03E" name="com.crm.qa.tests.LoginPageTest" tests="2" failures="0" timestamp="20 Jun 2020 20:39:27 GMT" time="24.636" errors="0">
  <testcase name="loginPageTitleTest" time="9.591" classname="com.crm.qa.tests.LoginPageTest"/>
  <testcase name="loginTest" time="15.045" classname="com.crm.qa.tests.LoginPageTest"/>
</testsuite> <!-- com.crm.qa.tests.LoginPageTest -->
