<?xml version="1.0" encoding="UTF-8"?>
<!-- Generated by org.testng.reporters.JUnitReportReporter -->
<testsuite hostname="DESKTOP-NPTJ03E" name="com.crm.qa.tests.LoginPageTest" tests="2" failures="0" timestamp="23 Jun 2020 20:55:57 GMT" time="32.639" errors="0">
  <testcase name="loginPageTitleTest" time="21.882" classname="com.crm.qa.tests.LoginPageTest"/>
  <testcase name="loginTest" time="10.757" classname="com.crm.qa.tests.LoginPageTest"/>
</testsuite> <!-- com.crm.qa.tests.LoginPageTest -->
